<?xml version="1.0" encoding="UTF-8"?>
<!-- Generated by org.testng.reporters.JUnitReportReporter -->
<testsuite skipped="0" hostname="DESKTOP-RE8T31A" name="com.qa.hubspot.tests.LoginPageTest" tests="1" failures="0" timestamp="2020-10-13T00:40:07 IST" time="8.998" errors="0">
  <testcase name="verifyLoginPageTitle" time="8.998" classname="com.qa.hubspot.tests.LoginPageTest"/>
  <system-out/>
</testsuite> <!-- com.qa.hubspot.tests.LoginPageTest -->
